Arguments: 
  /Users/puni/.nvm/versions/node/v16.15.0/bin/node /Users/puni/.yarn/bin/yarn.js install

PATH: 
  /Users/puni/Library/pnpm:/Users/puni/.yarn/bin:/Users/puni/.config/yarn/global/node_modules/.bin:/usr/local/opt/mysql-client/bin:/Users/puni/Library/pnpm:/Users/puni/Library/pnpm:/Users/puni/.yarn/bin:/Users/puni/.config/yarn/global/node_modules/.bin:/usr/local/opt/mysql-client/bin:/Users/puni/.rvm/gems/ruby-3.0.0/bin:/Users/puni/.rvm/gems/ruby-3.0.0@global/bin:/Users/puni/.rvm/rubies/ruby-3.0.0/bin:/Users/puni/.yarn/bin:/Users/puni/.config/yarn/global/node_modules/.bin:/usr/local/opt/mysql-client/bin:/Users/puni/.nvm/versions/node/v16.15.0/bin:/usr/local/bin:/usr/bin:/bin:/usr/sbin:/sbin:/Users/puni/flutter/bin:/usr/local/go/bin:/usr/local/share/dotnet:~/.dotnet/tools:/Library/Apple/usr/bin:/Library/Frameworks/Mono.framework/Versions/Current/Commands:/Applications/Xamarin Workbooks.app/Contents/SharedSupport/path-bin:/Users/puni/.rvm/bin

Yarn version: 
  1.22.19

Node version: 
  16.15.0

Platform: 
  darwin x64

Trace: 
  Error: EINVAL: invalid argument, mkdir '/Users/puni/Sites/near-api-js-bundle/node_modules/danger/node_modules'

npm manifest: 
  {
      "name": "near-api-js",
      "description": "JavaScript library to interact with NEAR Protocol via RPC API",
      "version": "1.1.0",
      "repository": {
          "type": "git",
          "url": "git+https://github.com/near/near-api-js.git"
      },
      "homepage": "https://github.com/near/near-api-js",
      "main": "lib/index.js",
      "browser": "lib/browser-index.js",
      "types": "lib/index.d.ts",
      "dependencies": {
          "bn.js": "5.2.1",
          "borsh": "^0.7.0",
          "bs58": "^4.0.0",
          "depd": "^2.0.0",
          "error-polyfill": "^0.1.3",
          "http-errors": "^1.7.2",
          "js-sha256": "^0.9.0",
          "mustache": "^4.0.0",
          "node-fetch": "^2.6.1",
          "text-encoding-utf-8": "^1.0.2",
          "tweetnacl": "^1.0.1"
      },
      "devDependencies": {
          "@types/bn.js": "^5.1.0",
          "@types/http-errors": "^1.6.1",
          "@types/node": "^18.7.14",
          "browserify": "^16.2.3",
          "bundlewatch": "^0.3.1",
          "concurrently": "^7.3.0",
          "danger": "^11.1.1",
          "danger-plugin-yarn": "^1.3.2",
          "in-publish": "^2.0.0",
          "jest": "^26.0.1",
          "localstorage-memory": "^1.0.3",
          "near-hello": "^0.5.1",
          "rimraf": "^3.0.0",
          "semver": "^7.1.1",
          "ts-jest": "^26.5.6",
          "uglifyify": "^5.0.1"
      },
      "keywords": [],
      "license": "(MIT AND Apache-2.0)",
      "scripts": {
          "dist": "pnpm browserify",
          "browserify": "browserify browser-exports.js -i node-fetch -i http -i https -o dist/near-api-js.js && browserify browser-exports.js -i node-fetch -g uglifyify -o dist/near-api-js.min.js",
          "compile": "tsc -p ./tsconfig.json",
          "dev": "pnpm compile -w",
          "build": "pnpm compile && pnpm browserify",
          "test": "jest test",
          "lint": "concurrently \"pnpm:lint:*(!fix)\"",
          "lint:src": "eslint --ext .ts src",
          "lint:test": "eslint --ext .js test",
          "lint:fix": "concurrently \"pnpm:lint:*:fix\"",
          "lint:src:fix": "eslint --ext .ts --fix src",
          "lint:test:fix": "eslint --ext .js --fix test",
          "prefuzz": "pnpm build",
          "fuzz": "jsfuzz test/fuzz/borsh-roundtrip.js test/fuzz/corpus/",
          "clean": "pnpm rimraf lib",
          "prepare": "pnpm build",
          "bundlewatch": "bundlewatch"
      },
      "bundlewatch": {
          "files": [
              {
                  "path": "dist/near-api-js.min.js",
                  "maxSize": "105kB"
              }
          ]
      },
      "files": [
          "lib",
          "dist",
          "browser-exports.js"
      ],
      "author": "NEAR Inc"
  }

yarn manifest: 
  No manifest

Lockfile: 
  No lockfile
